<?xml version="1.0" encoding="UTF-8"?>
<testsuites name="jest tests" tests="3" failures="0" errors="0" time="10.678">
  <testsuite name="AppController (e2e)" errors="0" failures="0" skipped="0" timestamp="2024-06-19T18:17:02" time="9.427" tests="1">
    <testcase classname="AppController (e2e) / (GET)" name="AppController (e2e) / (GET)" time="0.826">
    </testcase>
  </testsuite>
  <testsuite name="SecretNoteController (e2e)" errors="0" failures="0" skipped="0" timestamp="2024-06-19T18:17:02" time="9.481" tests="2">
    <testcase classname="SecretNoteController (e2e) /secret-notes (POST) should create a new note" name="SecretNoteController (e2e) /secret-notes (POST) should create a new note" time="0.808">
    </testcase>
    <testcase classname="SecretNoteController (e2e) /secret-notes (POST) should return 400 for bad input" name="SecretNoteController (e2e) /secret-notes (POST) should return 400 for bad input" time="0.068">
    </testcase>
  </testsuite>
</testsuites>